Command line:
   MM2017_isim_beh.exe
     -simmode  gui
     -simrunnum  0
     -socket  2980

Thu Apr 20 15:26:51 2017


 Elaboration Time: 0.015625 sec

 Current Memory Usage: 361.755 Meg

 Total Signals          : 17
 Total Nets             : 143
 Total Signal Drivers   : 7
 Total Blocks           : 2
 Total Primitive Blocks : 2
 Total Processes        : 10
 Total Traceable Variables  : 76
 Total Scalar Nets and Variables : 6873
Total Line Count : 377

 Total Simulation Time: 0.046875 sec

 Current Memory Usage: 361.755 Meg

Thu Apr 20 15:27:02 2017

